2022.07.15 11:20:51 INFO  ce[][o.s.p.ProcessEntryPoint] Starting ce
2022.07.15 11:20:51 INFO  ce[][o.s.ce.app.CeServer] Compute Engine starting up...
2022.07.15 11:20:51 INFO  ce[][o.s.s.e.EsClientProvider] Connected to local Elasticsearch: [http://localhost:9001]
2022.07.15 11:20:51 INFO  ce[][o.sonar.db.Database] Create JDBC data source for jdbc:h2:tcp://127.0.0.1:9092/sonar
2022.07.15 11:20:52 WARN  ce[][o.s.db.dialect.H2] H2 database should be used for evaluation purpose only.
2022.07.15 11:20:53 INFO  ce[][o.s.s.p.ServerFileSystemImpl] SonarQube home: /opt/sonarqube
2022.07.15 11:20:53 INFO  ce[][o.s.c.c.CePluginRepository] Load plugins
2022.07.15 11:20:54 INFO  ce[][o.s.c.c.ComputeEngineContainerImpl] Running Community edition
2022.07.15 11:20:54 INFO  ce[][o.s.ce.app.CeServer] Compute Engine is operational
2022.07.15 11:21:28 INFO  ce[][o.s.c.t.CeWorkerImpl] Execute task | project=ewaste_management_frontend | type=REPORT | id=AYIBl5hos_C0BtA_d9jb | submitter=admin
2022.07.15 11:21:29 INFO  ce[AYIBl5hos_C0BtA_d9jb][o.s.c.t.s.ComputationStepExecutor] Extract report | status=SUCCESS | time=227ms
2022.07.15 11:21:29 INFO  ce[AYIBl5hos_C0BtA_d9jb][o.s.c.t.s.ComputationStepExecutor] Persist scanner context | status=SUCCESS | time=7ms
2022.07.15 11:21:29 INFO  ce[AYIBl5hos_C0BtA_d9jb][o.s.c.t.s.ComputationStepExecutor] Propagate analysis warnings from scanner report | status=SUCCESS | time=26ms
2022.07.15 11:21:29 INFO  ce[AYIBl5hos_C0BtA_d9jb][o.s.c.t.s.ComputationStepExecutor] Generate analysis UUID | status=SUCCESS | time=0ms
2022.07.15 11:21:29 INFO  ce[AYIBl5hos_C0BtA_d9jb][o.s.c.t.s.ComputationStepExecutor] Load analysis metadata | status=SUCCESS | time=68ms
2022.07.15 11:21:29 INFO  ce[AYIBl5hos_C0BtA_d9jb][o.s.c.t.s.ComputationStepExecutor] Initialize | status=SUCCESS | time=0ms
2022.07.15 11:21:29 INFO  ce[AYIBl5hos_C0BtA_d9jb][o.s.c.t.s.ComputationStepExecutor] Build tree of components | components=418 | status=SUCCESS | time=200ms
2022.07.15 11:21:29 INFO  ce[AYIBl5hos_C0BtA_d9jb][o.s.c.t.s.ComputationStepExecutor] Validate project | status=SUCCESS | time=8ms
2022.07.15 11:21:31 INFO  ce[AYIBl5hos_C0BtA_d9jb][o.s.c.t.s.ComputationStepExecutor] Load quality profiles | status=SUCCESS | time=1518ms
2022.07.15 11:21:31 INFO  ce[AYIBl5hos_C0BtA_d9jb][o.s.c.t.s.ComputationStepExecutor] Load Quality gate | status=SUCCESS | time=14ms
2022.07.15 11:21:31 INFO  ce[AYIBl5hos_C0BtA_d9jb][o.s.c.t.s.ComputationStepExecutor] Load new code period | status=SUCCESS | time=11ms
2022.07.15 11:21:31 INFO  ce[AYIBl5hos_C0BtA_d9jb][o.s.c.t.s.ComputationStepExecutor] Detect file moves | reportFiles=256 | dbFiles=256 | addedFiles=0 | status=SUCCESS | time=25ms
2022.07.15 11:21:31 INFO  ce[AYIBl5hos_C0BtA_d9jb][o.s.c.t.s.ComputationStepExecutor] Load duplications | duplications=0 | status=SUCCESS | time=15ms
2022.07.15 11:21:31 INFO  ce[AYIBl5hos_C0BtA_d9jb][o.s.c.t.s.ComputationStepExecutor] Compute cross project duplications | status=SUCCESS | time=0ms
2022.07.15 11:21:31 INFO  ce[AYIBl5hos_C0BtA_d9jb][o.s.c.t.s.ComputationStepExecutor] Compute size measures | status=SUCCESS | time=87ms
2022.07.15 11:21:32 INFO  ce[AYIBl5hos_C0BtA_d9jb][o.s.c.t.s.ComputationStepExecutor] Compute new coverage | status=SUCCESS | time=878ms
2022.07.15 11:21:32 INFO  ce[AYIBl5hos_C0BtA_d9jb][o.s.c.t.s.ComputationStepExecutor] Compute coverage measures | status=SUCCESS | time=52ms
2022.07.15 11:21:32 INFO  ce[AYIBl5hos_C0BtA_d9jb][o.s.c.t.s.ComputationStepExecutor] Compute comment measures | status=SUCCESS | time=11ms
2022.07.15 11:21:32 INFO  ce[AYIBl5hos_C0BtA_d9jb][o.s.c.t.s.ComputationStepExecutor] Copy custom measures | status=SUCCESS | time=5ms
2022.07.15 11:21:32 INFO  ce[AYIBl5hos_C0BtA_d9jb][o.s.c.t.s.ComputationStepExecutor] Compute duplication measures | status=SUCCESS | time=8ms
2022.07.15 11:21:32 INFO  ce[AYIBl5hos_C0BtA_d9jb][o.s.c.t.s.ComputationStepExecutor] Compute size measures on new code | status=SUCCESS | time=10ms
2022.07.15 11:21:32 INFO  ce[AYIBl5hos_C0BtA_d9jb][o.s.c.t.s.ComputationStepExecutor] Compute language distribution | status=SUCCESS | time=33ms
2022.07.15 11:21:32 INFO  ce[AYIBl5hos_C0BtA_d9jb][o.s.c.t.s.ComputationStepExecutor] Compute test measures | status=SUCCESS | time=8ms
2022.07.15 11:21:32 INFO  ce[AYIBl5hos_C0BtA_d9jb][o.s.c.t.s.ComputationStepExecutor] Compute complexity measures | status=SUCCESS | time=13ms
2022.07.15 11:21:32 INFO  ce[AYIBl5hos_C0BtA_d9jb][o.s.c.t.s.ComputationStepExecutor] Load measure computers | status=SUCCESS | time=3ms
2022.07.15 11:21:32 INFO  ce[AYIBl5hos_C0BtA_d9jb][o.s.c.t.s.ComputationStepExecutor] Compute Quality Profile status | status=SUCCESS | time=22ms
2022.07.15 11:21:33 INFO  ce[AYIBl5hos_C0BtA_d9jb][o.s.c.t.s.ComputationStepExecutor] Execute component visitors | status=SUCCESS | time=857ms
2022.07.15 11:21:33 INFO  ce[AYIBl5hos_C0BtA_d9jb][o.s.c.t.s.ComputationStepExecutor] Checks executed after computation of measures | status=SUCCESS | time=0ms
2022.07.15 11:21:33 INFO  ce[AYIBl5hos_C0BtA_d9jb][o.s.c.t.s.ComputationStepExecutor] Compute Quality Gate measures | status=SUCCESS | time=16ms
2022.07.15 11:21:33 INFO  ce[AYIBl5hos_C0BtA_d9jb][o.s.c.t.s.ComputationStepExecutor] Compute Quality profile measures | status=SUCCESS | time=11ms
2022.07.15 11:21:33 INFO  ce[AYIBl5hos_C0BtA_d9jb][o.s.c.t.s.ComputationStepExecutor] Generate Quality profile events | status=SUCCESS | time=6ms
2022.07.15 11:21:33 INFO  ce[AYIBl5hos_C0BtA_d9jb][o.s.c.t.s.ComputationStepExecutor] Generate Quality gate events | status=SUCCESS | time=5ms
2022.07.15 11:21:33 INFO  ce[AYIBl5hos_C0BtA_d9jb][o.s.c.t.s.ComputationStepExecutor] Check upgrade possibility for not analyzed code files. | status=SUCCESS | time=2ms
2022.07.15 11:21:33 INFO  ce[AYIBl5hos_C0BtA_d9jb][o.s.c.t.s.ComputationStepExecutor] Persist components | status=SUCCESS | time=73ms
2022.07.15 11:21:33 INFO  ce[AYIBl5hos_C0BtA_d9jb][o.s.c.t.s.ComputationStepExecutor] Persist analysis | status=SUCCESS | time=3ms
2022.07.15 11:21:33 INFO  ce[AYIBl5hos_C0BtA_d9jb][o.s.c.t.s.ComputationStepExecutor] Persist analysis properties | status=SUCCESS | time=6ms
2022.07.15 11:21:33 INFO  ce[AYIBl5hos_C0BtA_d9jb][o.s.c.t.s.ComputationStepExecutor] Persist measures | inserts=54 | status=SUCCESS | time=30ms
2022.07.15 11:21:36 INFO  ce[AYIBl5hos_C0BtA_d9jb][o.s.c.t.s.ComputationStepExecutor] Persist live measures | insertsOrUpdates=20055 | status=SUCCESS | time=3346ms
2022.07.15 11:21:36 INFO  ce[AYIBl5hos_C0BtA_d9jb][o.s.c.t.s.ComputationStepExecutor] Persist duplication data | insertsOrUpdates=0 | status=SUCCESS | time=1ms
2022.07.15 11:21:36 INFO  ce[AYIBl5hos_C0BtA_d9jb][o.s.c.t.s.ComputationStepExecutor] Persist new ad hoc Rules | status=SUCCESS | time=1ms
2022.07.15 11:21:36 INFO  ce[AYIBl5hos_C0BtA_d9jb][o.s.c.t.s.ComputationStepExecutor] Persist issues | cacheSize=995 bytes | inserts=0 | updates=1 | merged=0 | status=SUCCESS | time=10ms
2022.07.15 11:21:36 INFO  ce[AYIBl5hos_C0BtA_d9jb][o.s.c.t.s.ComputationStepExecutor] Persist project links | status=SUCCESS | time=4ms
2022.07.15 11:21:36 INFO  ce[AYIBl5hos_C0BtA_d9jb][o.s.c.t.s.ComputationStepExecutor] Persist events | status=SUCCESS | time=4ms
2022.07.15 11:21:37 INFO  ce[AYIBl5hos_C0BtA_d9jb][o.s.c.t.s.ComputationStepExecutor] Persist sources | status=SUCCESS | time=556ms
2022.07.15 11:21:37 INFO  ce[AYIBl5hos_C0BtA_d9jb][o.s.c.t.s.ComputationStepExecutor] Persist cross project duplications | status=SUCCESS | time=0ms
2022.07.15 11:21:37 INFO  ce[AYIBl5hos_C0BtA_d9jb][o.s.c.t.s.ComputationStepExecutor] Enable analysis | status=SUCCESS | time=10ms
2022.07.15 11:21:37 INFO  ce[AYIBl5hos_C0BtA_d9jb][o.s.c.t.s.ComputationStepExecutor] Update last usage date of quality profiles | status=SUCCESS | time=9ms
2022.07.15 11:21:37 INFO  ce[AYIBl5hos_C0BtA_d9jb][o.s.c.t.s.ComputationStepExecutor] Purge db | status=SUCCESS | time=347ms
2022.07.15 11:21:38 INFO  ce[AYIBl5hos_C0BtA_d9jb][o.s.c.t.s.ComputationStepExecutor] Index analysis | status=SUCCESS | time=854ms
2022.07.15 11:21:38 INFO  ce[AYIBl5hos_C0BtA_d9jb][o.s.c.t.s.ComputationStepExecutor] Update need issue sync for branch | status=SUCCESS | time=7ms
2022.07.15 11:21:38 INFO  ce[AYIBl5hos_C0BtA_d9jb][o.s.c.t.s.ComputationStepExecutor] Send issue notifications | newIssuesNotifs=0 | newIssuesDeliveries=0 | myNewIssuesNotifs=0 | myNewIssuesDeliveries=0 | changesNotifs=0 | changesDeliveries=0 | status=SUCCESS | time=19ms
2022.07.15 11:21:38 INFO  ce[AYIBl5hos_C0BtA_d9jb][o.s.c.t.s.ComputationStepExecutor] Publish task results | status=SUCCESS | time=1ms
2022.07.15 11:21:38 INFO  ce[AYIBl5hos_C0BtA_d9jb][o.s.c.t.s.ComputationStepExecutor] Trigger refresh of Portfolios and Applications | status=SUCCESS | time=0ms
2022.07.15 11:21:38 INFO  ce[AYIBl5hos_C0BtA_d9jb][o.s.c.t.p.a.p.PostProjectAnalysisTasksExecutor] Webhooks | globalWebhooks=0 | projectWebhooks=0 | status=SUCCESS | time=7ms
2022.07.15 11:21:38 INFO  ce[AYIBl5hos_C0BtA_d9jb][o.s.c.t.CeWorkerImpl] Executed task | project=ewaste_management_frontend | type=REPORT | id=AYIBl5hos_C0BtA_d9jb | submitter=admin | status=SUCCESS | time=10081ms
2022.07.15 11:47:16 INFO  ce[][o.s.p.ProcessEntryPoint] Gracefully stopping process
2022.07.15 11:47:16 INFO  ce[][o.s.ce.app.CeServer] Compute Engine is stopping...
2022.07.15 11:47:16 INFO  ce[][o.s.c.t.CeProcessingSchedulerImpl] Gracefully stopping workers...
2022.07.15 11:47:16 INFO  ce[][o.s.ce.app.CeServer] Compute Engine is stopped
